<?xml version="1.0" encoding="UTF-8"?>
<testsuite xmlns:xsi="http://www.w3.org/2001/XMLSchema-instance" xsi:noNamespaceSchemaLocation="https://maven.apache.org/surefire/maven-surefire-plugin/xsd/surefire-test-report.xsd" name="MyTest" time="0.073" tests="44" errors="0" skipped="0" failures="0">
  <properties>
[...]
</properties>
  <testcase name="testEvalPPWinningsWithFlush" classname="MyTest" time="0.012"/>
  <testcase name="testGetNonPairValue1" classname="MyTest" time="0.002"/>
  <testcase name="testGetNonPairValue2" classname="MyTest" time="0.001"/>
  <testcase name="testEvalPPWinningsWithThreeOfAKind" classname="MyTest" time="0"/>
  <testcase name="threeOfAKindTest1" classname="MyTest" time="0.001"/>
  <testcase name="threeOfAKindTest2" classname="MyTest" time="0.001"/>
  <testcase name="threeOfAKindTest3" classname="MyTest" time="0.002"/>
  <testcase name="pairTest1" classname="MyTest" time="0.001"/>
  <testcase name="pairTest2" classname="MyTest" time="0.001"/>
  <testcase name="pairTest3" classname="MyTest" time="0"/>
  <testcase name="pairTest4" classname="MyTest" time="0"/>
  <testcase name="testCompareHands_PairDraw" classname="MyTest" time="0"/>
  <testcase name="testCompareHands_PlayerNonPairWin" classname="MyTest" time="0"/>
  <testcase name="flushTest1" classname="MyTest" time="0"/>
  <testcase name="flushTest2" classname="MyTest" time="0.001"/>
  <testcase name="flushTest3" classname="MyTest" time="0.001"/>
  <testcase name="flushTest4" classname="MyTest" time="0.001"/>
  <testcase name="flushTest5" classname="MyTest" time="0.001"/>
  <testcase name="straightFlushTest1" classname="MyTest" time="0.001"/>
  <testcase name="straightFlushTest2" classname="MyTest" time="0.001"/>
  <testcase name="straightFlushTest3" classname="MyTest" time="0.001"/>
  <testcase name="testEvalPPWinningsWithNone" classname="MyTest" time="0"/>
  <testcase name="testEvalPPWinningsWithPair" classname="MyTest" time="0.001"/>
  <testcase name="testEvalHandThreeOfKind" classname="MyTest" time="0.001"/>
  <testcase name="testEvalHandNone" classname="MyTest" time="0.001"/>
  <testcase name="testEvalHandPair" classname="MyTest" time="0.001"/>
  <testcase name="testEvalHandFlush" classname="MyTest" time="0"/>
  <testcase name="testCompareHands_Draw" classname="MyTest" time="0"/>
  <testcase name="testGetHighCard1" classname="MyTest" time="0.001"/>
  <testcase name="testGetHighCard2" classname="MyTest" time="0.001"/>
  <testcase name="testGetHighCard3" classname="MyTest" time="0.001"/>
  <testcase name="testCompareHands_PlayerPairWin" classname="MyTest" time="0"/>
  <testcase name="testGetPairValue1" classname="MyTest" time="0"/>
  <testcase name="testGetPairValue2" classname="MyTest" time="0"/>
  <testcase name="testCompareHands_DealerWins" classname="MyTest" time="0"/>
  <testcase name="testEvalHandStrFlush" classname="MyTest" time="0.001"/>
  <testcase name="testEvalHandStraight" classname="MyTest" time="0"/>
  <testcase name="testEvalPPWinningsWithStraightFlush" classname="MyTest" time="0"/>
  <testcase name="testEvalPPWinningsWithStraight" classname="MyTest" time="0"/>
  <testcase name="testCompareHands_PlayerWins" classname="MyTest" time="0.001"/>
  <testcase name="straightTest1" classname="MyTest" time="0"/>
  <testcase name="straightTest2" classname="MyTest" time="0.001"/>
  <testcase name="straightTest3" classname="MyTest" time="0.001"/>
  <testcase name="straightTest4" classname="MyTest" time="0.001"/>
</testsuite>